Start testing: Jul 10 23:08 CST
----------------------------------------------------------
1/2 Testing: test_socket
1/2 Test: test_socket
Command: "/home/zym/Share/mini-rpc/build/test_socket"
Directory: /home/zym/Share/mini-rpc/build
"test_socket" start time: Jul 10 23:08 CST
Output:
----------------------------------------------------------
Socket test passed
<end of output>
Test time =   0.00 sec
----------------------------------------------------------
Test Passed.
"test_socket" end time: Jul 10 23:08 CST
"test_socket" time elapsed: 00:00:00
----------------------------------------------------------

2/2 Testing: test_buffer
2/2 Test: test_buffer
Command: "/home/zym/Share/mini-rpc/build/test_buffer"
Directory: /home/zym/Share/mini-rpc/build
"test_buffer" start time: Jul 10 23:08 CST
Output:
----------------------------------------------------------
<end of output>
Test time =   0.00 sec
----------------------------------------------------------
Test Passed.
"test_buffer" end time: Jul 10 23:08 CST
"test_buffer" time elapsed: 00:00:00
----------------------------------------------------------

End testing: Jul 10 23:08 CST
