Start testing: Jul 10 18:45 CST
----------------------------------------------------------
1/1 Testing: test_socket
1/1 Test: test_socket
Command: "/home/zym/Share/mini-rpc/build/test_socket"
Directory: /home/zym/Share/mini-rpc/build
"test_socket" start time: Jul 10 18:45 CST
Output:
----------------------------------------------------------
Socket test passed
<end of output>
Test time =   0.00 sec
----------------------------------------------------------
Test Passed.
"test_socket" end time: Jul 10 18:45 CST
"test_socket" time elapsed: 00:00:00
----------------------------------------------------------

End testing: Jul 10 18:45 CST
